<?xml version="1.0" encoding="UTF-8"?>
<!-- Generated by org.testng.reporters.JUnitReportReporter -->
<testsuite hostname="DESKTOP-V16AQSL" failures="0" tests="1" name="Constenes.constent" time="0.009" errors="0" timestamp="2023-12-05T16:56:23 IST" skipped="0">
  <testcase classname="Constenes.constent" name="SJs" time="0.009"/>
  <system-out/>
</testsuite> <!-- Constenes.constent -->
